nohup: ignoring input
mode : sgcls
data_path : /data/wangjingyi/action_genome/
ckpt : None
optimizer : adamw
lr : 1e-05
nepoch : 15
gpu_id : 6
datasize : large
enc_layer : 1
dec_layer : 3
bce_loss : False
focal_loss : True
object_loss : 10
-------loading annotations---------slowly-----------
--------------------finish!-------------------------
loading word vectors from data/glove.6B.200d.pt
loading word vectors from data/glove.6B.200d.pt
__background__ -> __background__ 
fail on __background__
**************************************************
/home/wangjingyi/anaconda3/envs/to110/lib/python3.7/site-packages/torch/nn/functional.py:5022: UserWarning: Byte tensor for key_padding_mask in nn.MultiheadAttention is deprecated. Use bool tensor instead.
  warnings.warn("Byte tensor for key_padding_mask in nn.MultiheadAttention is deprecated. Use bool tensor instead.")
0/1737
100/1737
200/1737
300/1737
400/1737
500/1737
600/1737
700/1737
800/1737
900/1737
1000/1737
1100/1737
1200/1737
1300/1737
1400/1737
1500/1737
1600/1737
1700/1737
-------------------------with constraint-------------------------------
======================sgcls============================
R@10: 0.4769  R@20: 0.4870  R@50: 0.4871  

-------------------------semi constraint-------------------------------
======================sgcls============================
R@10: 0.3311  R@20: 0.3323  R@50: 0.3323  

-------------------------no constraint-------------------------------
======================sgcls============================
R@10: 0.5720  R@20: 0.6441  R@50: 0.6623  

-------------------------trace k=6-------------------------------
======================sgcls============================
R@10: 0.5648  R@20: 0.6242  R@50: 0.6309  

-------------------------trace k=7-------------------------------
======================sgcls============================
R@10: 0.5687  R@20: 0.6354  R@50: 0.6456  


